0 info it worked if it ends with ok
1 verbose cli [ 'node', '/usr/local/bin/npm', 'start' ]
2 info using npm@2.7.5
3 info using node@v0.13.0-pre
4 verbose run-script [ 'prestart', 'start', 'poststart' ]
5 info prestart radlog@0.0.0
6 info start radlog@0.0.0
7 verbose unsafe-perm in lifecycle true
8 info radlog@0.0.0 Failed to exec start script
9 verbose stack Error: radlog@0.0.0 start: `node ./bin/www`
9 verbose stack Exit status 1
9 verbose stack     at EventEmitter.<anonymous> (/usr/local/lib/node_modules/npm/lib/utils/lifecycle.js:213:16)
9 verbose stack     at EventEmitter.emit (events.js:112:17)
9 verbose stack     at ChildProcess.<anonymous> (/usr/local/lib/node_modules/npm/lib/utils/spawn.js:14:12)
9 verbose stack     at ChildProcess.emit (events.js:112:17)
9 verbose stack     at maybeClose (child_process.js:1017:16)
9 verbose stack     at Process.ChildProcess._handle.onexit (child_process.js:1089:5)
10 verbose pkgid radlog@0.0.0
11 verbose cwd /var/www/radlog
12 error Linux 3.2.0-4-amd64
13 error argv "node" "/usr/local/bin/npm" "start"
14 error node v0.13.0-pre
15 error npm  v2.7.5
16 error code ELIFECYCLE
17 error radlog@0.0.0 start: `node ./bin/www`
17 error Exit status 1
18 error Failed at the radlog@0.0.0 start script 'node ./bin/www'.
18 error This is most likely a problem with the radlog package,
18 error not with npm itself.
18 error Tell the author that this fails on your system:
18 error     node ./bin/www
18 error You can get their info via:
18 error     npm owner ls radlog
18 error There is likely additional logging output above.
19 verbose exit [ 1, true ]
